build/app/intermediates/manifest_merge_blame_file/release/manifest-merger-blame-release-report.txt
1<?xml version="1.0" encoding="utf-8"?>
2<manifest xmlns:android="http://schemas.android.com/apk/res/android"
3    package="com.ratul.bluestack_assignment"
4    android:versionCode="1"
5    android:versionName="1.0.0" >
6
7    <uses-sdk
8        android:minSdkVersion="21"
8-->src\main\AndroidManifest.xml
9        android:targetSdkVersion="29" />
9-->src\main\AndroidManifest.xml
10    <!--
11         io.flutter.app.FlutterApplication is an android.app.Application that
12         calls FlutterMain.startInitialization(this); in its onCreate method.
13         In most cases you can leave this as-is, but you if you want to provide
14         additional functionality it is fine to subclass or reimplement
15         FlutterApplication and put your custom class here.
16    -->
17
18    <uses-permission android:name="android.permission.INTERNET" />
18-->src\main\AndroidManifest.xml:9:5-66
18-->src\main\AndroidManifest.xml:9:22-64
19    <uses-permission android:name="android.permission.ACCESS_NETWORK_STATE" />
19-->src\main\AndroidManifest.xml:10:5-78
19-->src\main\AndroidManifest.xml:10:22-76
20    <uses-permission android:name="android.permission.READ_EXTERNAL_STORAGE" />
20-->src\main\AndroidManifest.xml:11:5-79
20-->src\main\AndroidManifest.xml:11:22-77
21    <uses-permission android:name="android.permission.WRITE_EXTERNAL_STORAGE" />
21-->src\main\AndroidManifest.xml:12:5-80
21-->src\main\AndroidManifest.xml:12:22-78
22
23    <application
23-->src\main\AndroidManifest.xml:14:5-52:19
24        android:name="io.flutter.app.FlutterApplication"
24-->src\main\AndroidManifest.xml:15:9-57
25        android:appComponentFactory="androidx.core.app.CoreComponentFactory"
25-->[androidx.core:core:1.1.0] AndroidManifest.xml:24:18-86
26        android:icon="@mipmap/ic_launcher"
26-->src\main\AndroidManifest.xml:17:9-43
27        android:label="GameTV" >
27-->src\main\AndroidManifest.xml:16:9-31
28        <activity
28-->src\main\AndroidManifest.xml:18:9-46:20
29            android:name="com.ratul.bluestack_assignment.MainActivity"
29-->src\main\AndroidManifest.xml:19:13-41
30            android:configChanges="orientation|keyboardHidden|keyboard|screenSize|smallestScreenSize|locale|layoutDirection|fontScale|screenLayout|density|uiMode"
30-->src\main\AndroidManifest.xml:22:13-163
31            android:hardwareAccelerated="true"
31-->src\main\AndroidManifest.xml:23:13-47
32            android:launchMode="singleTop"
32-->src\main\AndroidManifest.xml:20:13-43
33            android:theme="@style/LaunchTheme"
33-->src\main\AndroidManifest.xml:21:13-47
34            android:windowSoftInputMode="adjustResize" >
34-->src\main\AndroidManifest.xml:24:13-55
35
36            <!--
37                 Specifies an Android theme to apply to this Activity as soon as
38                 the Android process has started. This theme is visible to the user
39                 while the Flutter UI initializes. After that, this theme continues
40                 to determine the Window background behind the Flutter UI.
41            -->
42            <meta-data
42-->src\main\AndroidManifest.xml:29:13-32:17
43                android:name="io.flutter.embedding.android.NormalTheme"
43-->src\main\AndroidManifest.xml:30:15-70
44                android:resource="@style/NormalTheme" />
44-->src\main\AndroidManifest.xml:31:15-52
45            <!--
46                 Displays an Android View that continues showing the launch screen
47                 Drawable until Flutter paints its first frame, then this splash
48                 screen fades out. A splash screen is useful to avoid any visual
49                 gap between the end of Android's launch screen and the painting of
50                 Flutter's first frame.
51            -->
52            <meta-data
52-->src\main\AndroidManifest.xml:38:13-41:17
53                android:name="io.flutter.embedding.android.SplashScreenDrawable"
53-->src\main\AndroidManifest.xml:39:15-79
54                android:resource="@drawable/launch_background" />
54-->src\main\AndroidManifest.xml:40:15-61
55
56            <intent-filter>
56-->src\main\AndroidManifest.xml:42:13-45:29
57                <action android:name="android.intent.action.MAIN" />
57-->src\main\AndroidManifest.xml:43:17-68
57-->src\main\AndroidManifest.xml:43:25-66
58
59                <category android:name="android.intent.category.LAUNCHER" />
59-->src\main\AndroidManifest.xml:44:17-76
59-->src\main\AndroidManifest.xml:44:27-74
60            </intent-filter>
61        </activity>
62        <!--
63             Don't delete the meta-data below.
64             This is used by the Flutter tool to generate GeneratedPluginRegistrant.java
65        -->
66        <meta-data
66-->src\main\AndroidManifest.xml:49:9-51:33
67            android:name="flutterEmbedding"
67-->src\main\AndroidManifest.xml:50:13-44
68            android:value="2" />
68-->src\main\AndroidManifest.xml:51:13-30
69
70        <service
70-->[:cloud_firestore] AndroidManifest.xml:8:9-12:19
71            android:name="com.google.firebase.components.ComponentDiscoveryService"
71-->[:cloud_firestore] AndroidManifest.xml:8:18-89
72            android:directBootAware="true"
72-->[com.google.firebase:firebase-common:20.0.0] AndroidManifest.xml:35:13-43
73            android:exported="false" >
73-->[com.google.firebase:firebase-firestore:23.0.1] AndroidManifest.xml:19:13-37
74            <meta-data
74-->[:cloud_firestore] AndroidManifest.xml:9:13-11:85
75                android:name="com.google.firebase.components:io.flutter.plugins.firebase.firestore.FlutterFirebaseFirestoreRegistrar"
75-->[:cloud_firestore] AndroidManifest.xml:10:17-134
76                android:value="com.google.firebase.components.ComponentRegistrar" />
76-->[:cloud_firestore] AndroidManifest.xml:11:17-82
77            <meta-data
77-->[:firebase_core] AndroidManifest.xml:9:13-11:85
78                android:name="com.google.firebase.components:io.flutter.plugins.firebase.core.FlutterFirebaseCoreRegistrar"
78-->[:firebase_core] AndroidManifest.xml:10:17-124
79                android:value="com.google.firebase.components.ComponentRegistrar" />
79-->[:firebase_core] AndroidManifest.xml:11:17-82
80            <meta-data
80-->[com.google.firebase:firebase-firestore:23.0.1] AndroidManifest.xml:20:13-22:85
81                android:name="com.google.firebase.components:com.google.firebase.firestore.FirestoreRegistrar"
81-->[com.google.firebase:firebase-firestore:23.0.1] AndroidManifest.xml:21:17-111
82                android:value="com.google.firebase.components.ComponentRegistrar" />
82-->[com.google.firebase:firebase-firestore:23.0.1] AndroidManifest.xml:22:17-82
83        </service>
84
85        <provider
85-->[com.google.firebase:firebase-common:20.0.0] AndroidManifest.xml:26:9-31:39
86            android:name="com.google.firebase.provider.FirebaseInitProvider"
86-->[com.google.firebase:firebase-common:20.0.0] AndroidManifest.xml:27:13-77
87            android:authorities="com.ratul.bluestack_assignment.firebaseinitprovider"
87-->[com.google.firebase:firebase-common:20.0.0] AndroidManifest.xml:28:13-72
88            android:directBootAware="true"
88-->[com.google.firebase:firebase-common:20.0.0] AndroidManifest.xml:29:13-43
89            android:exported="false"
89-->[com.google.firebase:firebase-common:20.0.0] AndroidManifest.xml:30:13-37
90            android:initOrder="100" />
90-->[com.google.firebase:firebase-common:20.0.0] AndroidManifest.xml:31:13-36
91
92        <activity
92-->[com.google.android.gms:play-services-base:17.0.0] AndroidManifest.xml:23:9-26:75
93            android:name="com.google.android.gms.common.api.GoogleApiActivity"
93-->[com.google.android.gms:play-services-base:17.0.0] AndroidManifest.xml:24:13-79
94            android:exported="false"
94-->[com.google.android.gms:play-services-base:17.0.0] AndroidManifest.xml:25:13-37
95            android:theme="@android:style/Theme.Translucent.NoTitleBar" />
95-->[com.google.android.gms:play-services-base:17.0.0] AndroidManifest.xml:26:13-72
96
97        <meta-data
97-->[com.google.android.gms:play-services-basement:17.0.0] AndroidManifest.xml:23:9-25:69
98            android:name="com.google.android.gms.version"
98-->[com.google.android.gms:play-services-basement:17.0.0] AndroidManifest.xml:24:13-58
99            android:value="@integer/google_play_services_version" />
99-->[com.google.android.gms:play-services-basement:17.0.0] AndroidManifest.xml:25:13-66
100    </application>
101
102</manifest>